<?xml version="1.0" encoding="UTF-8"?>
<testng-results ignored="0" total="13" passed="12" failed="1" skipped="0">
  <reporter-output>
  </reporter-output>
  <suite started-at="2021-10-13T13:50:16 IST" name="Suite" finished-at="2021-10-13T13:54:57 IST" duration-ms="280677">
    <groups>
      <group name="cucumber">
        <method signature="AbstractTestNGCucumberTests.runScenario(io.cucumber.testng.PickleWrapper,io.cucumber.testng.FeatureWrapper)[pri:0, instance:myRunner.MyTestRunner@32b260fa]" name="runScenario" class="io.cucumber.testng.AbstractTestNGCucumberTests"/>
      </group> <!-- cucumber -->
    </groups>
    <test started-at="2021-10-13T13:50:16 IST" name="Test" finished-at="2021-10-13T13:54:57 IST" duration-ms="280677">
      <class name="myRunner.MyTestRunner">
        <test-method is-config="true" signature="setUpClass()[pri:0, instance:myRunner.MyTestRunner@32b260fa]" started-at="2021-10-13T13:50:16 IST" name="setUpClass" finished-at="2021-10-13T13:50:18 IST" duration-ms="1312" status="PASS">
          <reporter-output>
          </reporter-output>
        </test-method> <!-- setUpClass -->
        <test-method signature="runScenario(io.cucumber.testng.PickleWrapper,io.cucumber.testng.FeatureWrapper)[pri:0, instance:myRunner.MyTestRunner@32b260fa]" started-at="2021-10-13T13:50:18 IST" name="runScenario" description="Runs Cucumber Scenarios" data-provider="scenarios" finished-at="2021-10-13T13:50:31 IST" duration-ms="13735" status="PASS">
          <params>
            <param index="0">
              <value>
                <![CDATA["To verify that the user redirects to the sign up page"]]>
              </value>
            </param>
            <param index="1">
              <value>
                <![CDATA["Optional[Sign in functionality]"]]>
              </value>
            </param>
          </params>
          <reporter-output>
          </reporter-output>
        </test-method> <!-- runScenario -->
        <test-method signature="runScenario(io.cucumber.testng.PickleWrapper,io.cucumber.testng.FeatureWrapper)[pri:0, instance:myRunner.MyTestRunner@32b260fa]" started-at="2021-10-13T13:50:31 IST" name="runScenario" description="Runs Cucumber Scenarios" data-provider="scenarios" finished-at="2021-10-13T13:50:43 IST" duration-ms="11429" status="PASS">
          <params>
            <param index="0">
              <value>
                <![CDATA["To verify that the user enters the valid gmail or facebook or Apple accounts"]]>
              </value>
            </param>
            <param index="1">
              <value>
                <![CDATA["Optional[Sign in functionality]"]]>
              </value>
            </param>
          </params>
          <reporter-output>
          </reporter-output>
        </test-method> <!-- runScenario -->
        <test-method signature="runScenario(io.cucumber.testng.PickleWrapper,io.cucumber.testng.FeatureWrapper)[pri:0, instance:myRunner.MyTestRunner@32b260fa]" started-at="2021-10-13T13:50:43 IST" name="runScenario" description="Runs Cucumber Scenarios" data-provider="scenarios" finished-at="2021-10-13T13:50:49 IST" duration-ms="5982" status="PASS">
          <params>
            <param index="0">
              <value>
                <![CDATA["To verify that the user able to switch accounts"]]>
              </value>
            </param>
            <param index="1">
              <value>
                <![CDATA["Optional[Sign in functionality]"]]>
              </value>
            </param>
          </params>
          <reporter-output>
          </reporter-output>
        </test-method> <!-- runScenario -->
        <test-method signature="runScenario(io.cucumber.testng.PickleWrapper,io.cucumber.testng.FeatureWrapper)[pri:0, instance:myRunner.MyTestRunner@32b260fa]" started-at="2021-10-13T13:50:49 IST" name="runScenario" description="Runs Cucumber Scenarios" data-provider="scenarios" finished-at="2021-10-13T13:51:54 IST" duration-ms="65296" status="PASS">
          <params>
            <param index="0">
              <value>
                <![CDATA["To verify user is able to Register For Personal account"]]>
              </value>
            </param>
            <param index="1">
              <value>
                <![CDATA["Optional[Register Functionality]"]]>
              </value>
            </param>
          </params>
          <reporter-output>
          </reporter-output>
        </test-method> <!-- runScenario -->
        <test-method signature="runScenario(io.cucumber.testng.PickleWrapper,io.cucumber.testng.FeatureWrapper)[pri:0, instance:myRunner.MyTestRunner@32b260fa]" started-at="2021-10-13T13:51:54 IST" name="runScenario" description="Runs Cucumber Scenarios" data-provider="scenarios" finished-at="2021-10-13T13:52:57 IST" duration-ms="63214" status="PASS">
          <params>
            <param index="0">
              <value>
                <![CDATA["To verify user is able to Register For Personal account"]]>
              </value>
            </param>
            <param index="1">
              <value>
                <![CDATA["Optional[Register Functionality]"]]>
              </value>
            </param>
          </params>
          <reporter-output>
          </reporter-output>
        </test-method> <!-- runScenario -->
        <test-method signature="runScenario(io.cucumber.testng.PickleWrapper,io.cucumber.testng.FeatureWrapper)[pri:0, instance:myRunner.MyTestRunner@32b260fa]" started-at="2021-10-13T13:52:57 IST" name="runScenario" description="Runs Cucumber Scenarios" data-provider="scenarios" finished-at="2021-10-13T13:53:38 IST" duration-ms="40940" status="FAIL">
          <params>
            <param index="0">
              <value>
                <![CDATA["To verify user is able to Register for Business account"]]>
              </value>
            </param>
            <param index="1">
              <value>
                <![CDATA["Optional[Register Functionality]"]]>
              </value>
            </param>
          </params>
          <exception class="org.openqa.selenium.ElementClickInterceptedException">
            <message>
              <![CDATA[element click intercepted: Element <button name="BUSINESS_REG_FORM_SUBMIT" id="BUSINESS_REG_FORM_SUBMIT" class="btn btn--primary btn--large btn--fluid" disabled="" type="submit" aria-describedby="legalTextId" data-click-tracking-data="{&quot;linkId&quot;:&quot;47252&quot;,&quot;pageId&quot;:&quot;3319671&quot;,&quot;type&quot;:&quot;_plsr&quot;,&quot;payload&quot;:{&quot;RegModuleName&quot;:&quot;PARTIAL_REG_BUSINESS&quot;}}">...</button> is not clickable at point (508, 551). Other element would receive the click: <iframe id="captchaFrame" src="/captcharouter_challenge?ap=1&amp;iim=uNDkuMjL&amp;iia=RXA0LjEzmG&amp;iiz=JjbNi4xOTM*FXX&amp;ru=https%3A%2F%2Fsignup.ebay.com%2Fajax%2Fvalidatefield&amp;iid=c2853a46-664a-40ce-90da-d406462ea3cd" style="position: fixed; width: 100%; height: 100%; top: 0px; left: 0px; margin: 0px; padding: 0px; border: 0px; background-color: white; z-index: 99999;"></iframe>
  (Session info: chrome=94.0.4606.81)
Build info: version: '3.141.59', revision: 'e82be7d358', time: '2018-11-14T08:17:03'
System info: host: 'DESKTOP-N4DS0TK', ip: '192.168.42.87', os.name: 'Windows 10', os.arch: 'amd64', os.version: '10.0', java.version: '16.0.2'
Driver info: org.openqa.selenium.chrome.ChromeDriver
Capabilities {acceptInsecureCerts: false, browserName: chrome, browserVersion: 94.0.4606.81, chrome: {chromedriverVersion: 94.0.4606.61 (418b78f5838ed..., userDataDir: C:\Users\HARIKA~1\AppData\L...}, goog:chromeOptions: {debuggerAddress: localhost:61514}, javascriptEnabled: true, networkConnectionEnabled: false, pageLoadStrategy: normal, platform: WINDOWS, platformName: WINDOWS, proxy: Proxy(), setWindowRect: true, strictFileInteractability: false, timeouts: {implicit: 0, pageLoad: 300000, script: 30000}, unhandledPromptBehavior: dismiss and notify, webauthn:extension:credBlob: true, webauthn:extension:largeBlob: true, webauthn:virtualAuthenticators: true}
Session ID: 781cc77090776f094950dd0d52059a52]]>
            </message>
            <full-stacktrace>
              <![CDATA[org.openqa.selenium.ElementClickInterceptedException: element click intercepted: Element <button name="BUSINESS_REG_FORM_SUBMIT" id="BUSINESS_REG_FORM_SUBMIT" class="btn btn--primary btn--large btn--fluid" disabled="" type="submit" aria-describedby="legalTextId" data-click-tracking-data="{&quot;linkId&quot;:&quot;47252&quot;,&quot;pageId&quot;:&quot;3319671&quot;,&quot;type&quot;:&quot;_plsr&quot;,&quot;payload&quot;:{&quot;RegModuleName&quot;:&quot;PARTIAL_REG_BUSINESS&quot;}}">...</button> is not clickable at point (508, 551). Other element would receive the click: <iframe id="captchaFrame" src="/captcharouter_challenge?ap=1&amp;iim=uNDkuMjL&amp;iia=RXA0LjEzmG&amp;iiz=JjbNi4xOTM*FXX&amp;ru=https%3A%2F%2Fsignup.ebay.com%2Fajax%2Fvalidatefield&amp;iid=c2853a46-664a-40ce-90da-d406462ea3cd" style="position: fixed; width: 100%; height: 100%; top: 0px; left: 0px; margin: 0px; padding: 0px; border: 0px; background-color: white; z-index: 99999;"></iframe>
  (Session info: chrome=94.0.4606.81)
Build info: version: '3.141.59', revision: 'e82be7d358', time: '2018-11-14T08:17:03'
System info: host: 'DESKTOP-N4DS0TK', ip: '192.168.42.87', os.name: 'Windows 10', os.arch: 'amd64', os.version: '10.0', java.version: '16.0.2'
Driver info: org.openqa.selenium.chrome.ChromeDriver
Capabilities {acceptInsecureCerts: false, browserName: chrome, browserVersion: 94.0.4606.81, chrome: {chromedriverVersion: 94.0.4606.61 (418b78f5838ed..., userDataDir: C:\Users\HARIKA~1\AppData\L...}, goog:chromeOptions: {debuggerAddress: localhost:61514}, javascriptEnabled: true, networkConnectionEnabled: false, pageLoadStrategy: normal, platform: WINDOWS, platformName: WINDOWS, proxy: Proxy(), setWindowRect: true, strictFileInteractability: false, timeouts: {implicit: 0, pageLoad: 300000, script: 30000}, unhandledPromptBehavior: dismiss and notify, webauthn:extension:credBlob: true, webauthn:extension:largeBlob: true, webauthn:virtualAuthenticators: true}
Session ID: 781cc77090776f094950dd0d52059a52
at java.base/jdk.internal.reflect.NativeConstructorAccessorImpl.newInstance0(Native Method)
at java.base/jdk.internal.reflect.NativeConstructorAccessorImpl.newInstance(NativeConstructorAccessorImpl.java:78)
at java.base/jdk.internal.reflect.DelegatingConstructorAccessorImpl.newInstance(DelegatingConstructorAccessorImpl.java:45)
at java.base/java.lang.reflect.Constructor.newInstanceWithCaller(Constructor.java:499)
at java.base/java.lang.reflect.Constructor.newInstance(Constructor.java:480)
at org.openqa.selenium.remote.http.W3CHttpResponseCodec.createException(W3CHttpResponseCodec.java:187)
at org.openqa.selenium.remote.http.W3CHttpResponseCodec.decode(W3CHttpResponseCodec.java:122)
at org.openqa.selenium.remote.http.W3CHttpResponseCodec.decode(W3CHttpResponseCodec.java:49)
at org.openqa.selenium.remote.HttpCommandExecutor.execute(HttpCommandExecutor.java:158)
at org.openqa.selenium.remote.service.DriverCommandExecutor.execute(DriverCommandExecutor.java:83)
at org.openqa.selenium.remote.RemoteWebDriver.execute(RemoteWebDriver.java:552)
at org.openqa.selenium.remote.RemoteWebElement.execute(RemoteWebElement.java:285)
at org.openqa.selenium.remote.RemoteWebElement.click(RemoteWebElement.java:84)
at java.base/jdk.internal.reflect.NativeMethodAccessorImpl.invoke0(Native Method)
at java.base/jdk.internal.reflect.NativeMethodAccessorImpl.invoke(NativeMethodAccessorImpl.java:78)
at java.base/jdk.internal.reflect.DelegatingMethodAccessorImpl.invoke(DelegatingMethodAccessorImpl.java:43)
at java.base/java.lang.reflect.Method.invoke(Method.java:567)
at org.openqa.selenium.support.pagefactory.internal.LocatingElementHandler.invoke(LocatingElementHandler.java:51)
at jdk.proxy2/jdk.proxy2.$Proxy18.click(Unknown Source)
at com.pages.Registration.Breg(Registration.java:102)
at Step_Def.Registartion_Step_Def.click_on_register_button(Registartion_Step_Def.java:53)
at ✽.click on Register button(file:///C:/Users/HARIKARAN/eclipse-workspace/ebay/src/test/java/Features/Registration.feature:19)
]]>
            </full-stacktrace>
          </exception> <!-- org.openqa.selenium.ElementClickInterceptedException -->
          <reporter-output>
          </reporter-output>
        </test-method> <!-- runScenario -->
        <test-method signature="runScenario(io.cucumber.testng.PickleWrapper,io.cucumber.testng.FeatureWrapper)[pri:0, instance:myRunner.MyTestRunner@32b260fa]" started-at="2021-10-13T13:53:38 IST" name="runScenario" description="Runs Cucumber Scenarios" data-provider="scenarios" finished-at="2021-10-13T13:53:53 IST" duration-ms="14579" status="PASS">
          <params>
            <param index="0">
              <value>
                <![CDATA["To verify the user is able to search for an item in the application"]]>
              </value>
            </param>
            <param index="1">
              <value>
                <![CDATA["Optional[Search Functionality]"]]>
              </value>
            </param>
          </params>
          <reporter-output>
          </reporter-output>
        </test-method> <!-- runScenario -->
        <test-method signature="runScenario(io.cucumber.testng.PickleWrapper,io.cucumber.testng.FeatureWrapper)[pri:0, instance:myRunner.MyTestRunner@32b260fa]" started-at="2021-10-13T13:53:53 IST" name="runScenario" description="Runs Cucumber Scenarios" data-provider="scenarios" finished-at="2021-10-13T13:54:02 IST" duration-ms="9061" status="PASS">
          <params>
            <param index="0">
              <value>
                <![CDATA["To verify the user is able to search for an unrelated item in the application"]]>
              </value>
            </param>
            <param index="1">
              <value>
                <![CDATA["Optional[Search Functionality]"]]>
              </value>
            </param>
          </params>
          <reporter-output>
          </reporter-output>
        </test-method> <!-- runScenario -->
        <test-method signature="runScenario(io.cucumber.testng.PickleWrapper,io.cucumber.testng.FeatureWrapper)[pri:0, instance:myRunner.MyTestRunner@32b260fa]" started-at="2021-10-13T13:54:02 IST" name="runScenario" description="Runs Cucumber Scenarios" data-provider="scenarios" finished-at="2021-10-13T13:54:10 IST" duration-ms="8483" status="PASS">
          <params>
            <param index="0">
              <value>
                <![CDATA["To verify the user is able to view the daily deals"]]>
              </value>
            </param>
            <param index="1">
              <value>
                <![CDATA["Optional[Search Functionality]"]]>
              </value>
            </param>
          </params>
          <reporter-output>
          </reporter-output>
        </test-method> <!-- runScenario -->
        <test-method signature="runScenario(io.cucumber.testng.PickleWrapper,io.cucumber.testng.FeatureWrapper)[pri:0, instance:myRunner.MyTestRunner@32b260fa]" started-at="2021-10-13T13:54:10 IST" name="runScenario" description="Runs Cucumber Scenarios" data-provider="scenarios" finished-at="2021-10-13T13:54:20 IST" duration-ms="9931" status="PASS">
          <params>
            <param index="0">
              <value>
                <![CDATA["To verify the user is able to select the different categories"]]>
              </value>
            </param>
            <param index="1">
              <value>
                <![CDATA["Optional[Search Functionality]"]]>
              </value>
            </param>
          </params>
          <reporter-output>
          </reporter-output>
        </test-method> <!-- runScenario -->
        <test-method signature="runScenario(io.cucumber.testng.PickleWrapper,io.cucumber.testng.FeatureWrapper)[pri:0, instance:myRunner.MyTestRunner@32b260fa]" started-at="2021-10-13T13:54:20 IST" name="runScenario" description="Runs Cucumber Scenarios" data-provider="scenarios" finished-at="2021-10-13T13:54:31 IST" duration-ms="10981" status="PASS">
          <params>
            <param index="0">
              <value>
                <![CDATA["To verify the user is able to filter the products"]]>
              </value>
            </param>
            <param index="1">
              <value>
                <![CDATA["Optional[Search Functionality]"]]>
              </value>
            </param>
          </params>
          <reporter-output>
          </reporter-output>
        </test-method> <!-- runScenario -->
        <test-method signature="runScenario(io.cucumber.testng.PickleWrapper,io.cucumber.testng.FeatureWrapper)[pri:0, instance:myRunner.MyTestRunner@32b260fa]" started-at="2021-10-13T13:54:31 IST" name="runScenario" description="Runs Cucumber Scenarios" data-provider="scenarios" finished-at="2021-10-13T13:54:54 IST" duration-ms="22514" status="PASS">
          <params>
            <param index="0">
              <value>
                <![CDATA["To verify that user is able to Add items to the cart"]]>
              </value>
            </param>
            <param index="1">
              <value>
                <![CDATA["Optional[Search Functionality]"]]>
              </value>
            </param>
          </params>
          <reporter-output>
          </reporter-output>
        </test-method> <!-- runScenario -->
        <test-method signature="runScenario(io.cucumber.testng.PickleWrapper,io.cucumber.testng.FeatureWrapper)[pri:0, instance:myRunner.MyTestRunner@32b260fa]" started-at="2021-10-13T13:54:54 IST" name="runScenario" description="Runs Cucumber Scenarios" data-provider="scenarios" finished-at="2021-10-13T13:54:57 IST" duration-ms="2892" status="PASS">
          <params>
            <param index="0">
              <value>
                <![CDATA["To Validate the Title of the Ebay"]]>
              </value>
            </param>
            <param index="1">
              <value>
                <![CDATA["Optional[Ebay Url]"]]>
              </value>
            </param>
          </params>
          <reporter-output>
          </reporter-output>
        </test-method> <!-- runScenario -->
        <test-method is-config="true" signature="tearDownClass()[pri:0, instance:myRunner.MyTestRunner@32b260fa]" started-at="2021-10-13T13:54:57 IST" name="tearDownClass" finished-at="2021-10-13T13:54:57 IST" duration-ms="263" status="PASS">
          <reporter-output>
          </reporter-output>
        </test-method> <!-- tearDownClass -->
      </class> <!-- myRunner.MyTestRunner -->
    </test> <!-- Test -->
  </suite> <!-- Suite -->
</testng-results>
