<?xml version="1.0" encoding="UTF-8"?>
<testsuite xmlns:xsi="http://www.w3.org/2001/XMLSchema-instance" xsi:noNamespaceSchemaLocation="https://maven.apache.org/surefire/maven-surefire-plugin/xsd/surefire-test-report-3.0.xsd" version="3.0" name="TestSuite" time="281.519" tests="13" errors="0" skipped="0" failures="1">
  <properties>
[...]
</properties>
  <testcase name="runScenario[&quot;To verify that the user redirects to the sign up page&quot;, &quot;Optional[Sign in functionality]&quot;](1)" classname="myRunner.MyTestRunner" time="13.769">
    <system-out><![CDATA[
Scenario: To verify that the user redirects to the sign up page &amp#27;[90m# src/test/java/Features/LoginPage.feature:2&amp#27;[0m
  &amp#27;[32mGiven &amp#27;[0m&amp#27;[32mUser is in home page&amp#27;[0m                                    &amp#27;[90m# Step_Def.Login_Step_Def.user_is_in_home_page()&amp#27;[0m
  &amp#27;[32mWhen &amp#27;[0m&amp#27;[32mUser click on the Sign in&amp#27;[0m                                &amp#27;[90m# Step_Def.Login_Step_Def.user_click_on_the_sign_in_link()&amp#27;[0m
  &amp#27;[32mThen &amp#27;[0m&amp#27;[32mApplication navigates to Sign in page&amp#27;[0m                    &amp#27;[90m# Step_Def.Login_Step_Def.application_navigates_to_sign_in_page()&amp#27;[0m
]]></system-out>
    <system-err><![CDATA[SLF4J: Failed to load class "org.slf4j.impl.StaticLoggerBinder".
SLF4J: Defaulting to no-operation (NOP) logger implementation
SLF4J: See http://www.slf4j.org/codes.html#StaticLoggerBinder for further details.
Starting ChromeDriver 94.0.4606.61 (418b78f5838ed0b1c69bb4e51ea0252171854915-refs/branch-heads/4606@{#1204}) on port 19631
Only local connections are allowed.
Please see https://chromedriver.chromium.org/security-considerations for suggestions on keeping ChromeDriver safe.
ChromeDriver was started successfully.
Oct 13, 2021 1:50:26 PM org.openqa.selenium.remote.ProtocolHandshake createSession
INFO: Detected dialect: W3C
]]></system-err>
  </testcase>
  <testcase name="runScenario[&quot;To verify that the user enters the valid gmail or facebook or Apple accounts&quot;, &quot;Optional[Sign in functionality]&quot;](2)" classname="myRunner.MyTestRunner" time="11.422">
    <system-out><![CDATA[
Scenario: To verify that the user enters the valid gmail or facebook or Apple accounts &amp#27;[90m# src/test/java/Features/LoginPage.feature:25&amp#27;[0m
  &amp#27;[32mGiven &amp#27;[0m&amp#27;[32mUser is in home page&amp#27;[0m                                                           &amp#27;[90m# Step_Def.Login_Step_Def.user_is_in_home_page()&amp#27;[0m
  &amp#27;[32mWhen &amp#27;[0m&amp#27;[32mUser click on the Sign in&amp#27;[0m                                                       &amp#27;[90m# Step_Def.Login_Step_Def.user_click_on_the_sign_in_link()&amp#27;[0m
  &amp#27;[32mAnd &amp#27;[0m&amp#27;[32mUser click on Continue with Apple&amp#27;[0m                                                &amp#27;[90m# Step_Def.Login_Step_Def.user_click_on_continue_with_apple()&amp#27;[0m
  &amp#27;[32mAnd &amp#27;[0m&amp#27;[32mUser enters Apple userId&amp#27;[0m                                                         &amp#27;[90m# Step_Def.Login_Step_Def.user_enters_apple_user_id()&amp#27;[0m
  &amp#27;[32mAnd &amp#27;[0m&amp#27;[32mUser enters Apple password&amp#27;[0m                                                       &amp#27;[90m# Step_Def.Login_Step_Def.user_enters_apple_password()&amp#27;[0m
  &amp#27;[32mAnd &amp#27;[0m&amp#27;[32mUser click on sign in arrow&amp#27;[0m                                                      &amp#27;[90m# Step_Def.Login_Step_Def.user_click_on_sign_in_arrow()&amp#27;[0m
  &amp#27;[32mThen &amp#27;[0m&amp#27;[32mSigned up succesfully by Apple account&amp#27;[0m                                          &amp#27;[90m# Step_Def.Login_Step_Def.signed_up_succesfully_by_apple_account()&amp#27;[0m
]]></system-out>
    <system-err><![CDATA[Starting ChromeDriver 94.0.4606.61 (418b78f5838ed0b1c69bb4e51ea0252171854915-refs/branch-heads/4606@{#1204}) on port 10332
Only local connections are allowed.
Please see https://chromedriver.chromium.org/security-considerations for suggestions on keeping ChromeDriver safe.
ChromeDriver was started successfully.
Oct 13, 2021 1:50:33 PM org.openqa.selenium.remote.ProtocolHandshake createSession
INFO: Detected dialect: W3C
]]></system-err>
  </testcase>
  <testcase name="runScenario[&quot;To verify that the user able to switch accounts&quot;, &quot;Optional[Sign in functionality]&quot;](3)" classname="myRunner.MyTestRunner" time="5.964">
    <system-out><![CDATA[
Scenario: To verify that the user able to switch accounts &amp#27;[90m# src/test/java/Features/LoginPage.feature:34&amp#27;[0m
  &amp#27;[32mGiven &amp#27;[0m&amp#27;[32mUser is in home page&amp#27;[0m                              &amp#27;[90m# Step_Def.Login_Step_Def.user_is_in_home_page()&amp#27;[0m
  &amp#27;[32mWhen &amp#27;[0m&amp#27;[32mUser click on the Sign in&amp#27;[0m                          &amp#27;[90m# Step_Def.Login_Step_Def.user_click_on_the_sign_in_link()&amp#27;[0m
  &amp#27;[32mAnd &amp#27;[0m&amp#27;[32mUser mistakely enters wrong Email or username&amp#27;[0m       &amp#27;[90m# Step_Def.Login_Step_Def.user_mistakely_enters_wrong_email_or_username()&amp#27;[0m
  &amp#27;[32mAnd &amp#27;[0m&amp#27;[32mUser click on Continue&amp#27;[0m                              &amp#27;[90m# Step_Def.Login_Step_Def.user_click_on_continue()&amp#27;[0m
  &amp#27;[32mAnd &amp#27;[0m&amp#27;[32mUser click on Switch account link&amp#27;[0m                   &amp#27;[90m# Step_Def.Login_Step_Def.user_click_on_switch_account_link()&amp#27;[0m
  &amp#27;[32mAnd &amp#27;[0m&amp#27;[32mUser enter correct  Email or username&amp#27;[0m               &amp#27;[90m# Step_Def.Login_Step_Def.user_enter_correct_email_or_username()&amp#27;[0m
  &amp#27;[32mThen &amp#27;[0m&amp#27;[32muser account is changed&amp#27;[0m                            &amp#27;[90m# Step_Def.Login_Step_Def.user_account_is_changed()&amp#27;[0m
]]></system-out>
    <system-err><![CDATA[Starting ChromeDriver 94.0.4606.61 (418b78f5838ed0b1c69bb4e51ea0252171854915-refs/branch-heads/4606@{#1204}) on port 11127
Only local connections are allowed.
Please see https://chromedriver.chromium.org/security-considerations for suggestions on keeping ChromeDriver safe.
ChromeDriver was started successfully.
Oct 13, 2021 1:50:44 PM org.openqa.selenium.remote.ProtocolHandshake createSession
INFO: Detected dialect: W3C
]]></system-err>
  </testcase>
  <testcase name="runScenario[&quot;To verify user is able to Register For Personal account&quot;, &quot;Optional[Register Functionality]&quot;](4)" classname="myRunner.MyTestRunner" time="65.312">
    <system-out><![CDATA[
Scenario Outline: To verify user is able to Register For Personal account                    &amp#27;[90m# src/test/java/Features/Registration.feature:10&amp#27;[0m
  &amp#27;[32mGiven &amp#27;[0m&amp#27;[32mUser is in the home page&amp#27;[0m                                                             &amp#27;[90m# Step_Def.Registartion_Step_Def.user_is_in_the_home_page()&amp#27;[0m
  &amp#27;[32mWhen &amp#27;[0m&amp#27;[32mUser clicks on the register&amp#27;[0m                                                           &amp#27;[90m# Step_Def.Registartion_Step_Def.user_clicks_on_the_register()&amp#27;[0m
  &amp#27;[32mAnd &amp#27;[0m&amp#27;[32mUser enter the account details &amp#27;[0m&amp#27;[32m&amp#27;[1mzack&amp#27;[0m&amp#27;[32m and &amp#27;[0m&amp#27;[32m&amp#27;[1mjazze&amp#27;[0m&amp#27;[32m and &amp#27;[0m&amp#27;[32m&amp#27;[1mzackentie@gmail.com&amp#27;[0m&amp#27;[32m and &amp#27;[0m&amp#27;[32m&amp#27;[1mjackie@!3366&amp#27;[0m &amp#27;[90m# Step_Def.Registartion_Step_Def.user_enter_the_account_details_and_and_and(java.lang.String,java.lang.String,java.lang.String,java.lang.String)&amp#27;[0m
  &amp#27;[32mAnd &amp#27;[0m&amp#27;[32mUser clicks on the Register button&amp#27;[0m                                                     &amp#27;[90m# Step_Def.Registartion_Step_Def.user_clicks_on_the_register_button()&amp#27;[0m
  &amp#27;[32mThen &amp#27;[0m&amp#27;[32mAccount is Registered&amp#27;[0m                                                                 &amp#27;[90m# Step_Def.Registartion_Step_Def.account_is_registered()&amp#27;[0m
]]></system-out>
    <system-err><![CDATA[Starting ChromeDriver 94.0.4606.61 (418b78f5838ed0b1c69bb4e51ea0252171854915-refs/branch-heads/4606@{#1204}) on port 45961
Only local connections are allowed.
Please see https://chromedriver.chromium.org/security-considerations for suggestions on keeping ChromeDriver safe.
ChromeDriver was started successfully.
Oct 13, 2021 1:50:50 PM org.openqa.selenium.remote.ProtocolHandshake createSession
INFO: Detected dialect: W3C
]]></system-err>
  </testcase>
  <testcase name="runScenario[&quot;To verify user is able to Register For Personal account&quot;, &quot;Optional[Register Functionality]&quot;](5)" classname="myRunner.MyTestRunner" time="63.197">
    <system-out><![CDATA[
Scenario Outline: To verify user is able to Register For Personal account                       &amp#27;[90m# src/test/java/Features/Registration.feature:11&amp#27;[0m
  &amp#27;[32mGiven &amp#27;[0m&amp#27;[32mUser is in the home page&amp#27;[0m                                                                &amp#27;[90m# Step_Def.Registartion_Step_Def.user_is_in_the_home_page()&amp#27;[0m
  &amp#27;[32mWhen &amp#27;[0m&amp#27;[32mUser clicks on the register&amp#27;[0m                                                              &amp#27;[90m# Step_Def.Registartion_Step_Def.user_clicks_on_the_register()&amp#27;[0m
  &amp#27;[32mAnd &amp#27;[0m&amp#27;[32mUser enter the account details &amp#27;[0m&amp#27;[32m&amp#27;[1mznyder&amp#27;[0m&amp#27;[32m and &amp#27;[0m&amp#27;[32m&amp#27;[1mpene&amp#27;[0m&amp#27;[32m and &amp#27;[0m&amp#27;[32m&amp#27;[1mznyderpiee34@gmail.com&amp#27;[0m&amp#27;[32m and &amp#27;[0m&amp#27;[32m&amp#27;[1mtreate@3388&amp#27;[0m &amp#27;[90m# Step_Def.Registartion_Step_Def.user_enter_the_account_details_and_and_and(java.lang.String,java.lang.String,java.lang.String,java.lang.String)&amp#27;[0m
  &amp#27;[32mAnd &amp#27;[0m&amp#27;[32mUser clicks on the Register button&amp#27;[0m                                                        &amp#27;[90m# Step_Def.Registartion_Step_Def.user_clicks_on_the_register_button()&amp#27;[0m
  &amp#27;[32mThen &amp#27;[0m&amp#27;[32mAccount is Registered&amp#27;[0m                                                                    &amp#27;[90m# Step_Def.Registartion_Step_Def.account_is_registered()&amp#27;[0m
]]></system-out>
    <system-err><![CDATA[Starting ChromeDriver 94.0.4606.61 (418b78f5838ed0b1c69bb4e51ea0252171854915-refs/branch-heads/4606@{#1204}) on port 47897
Only local connections are allowed.
Please see https://chromedriver.chromium.org/security-considerations for suggestions on keeping ChromeDriver safe.
ChromeDriver was started successfully.
Oct 13, 2021 1:51:57 PM org.openqa.selenium.remote.ProtocolHandshake createSession
INFO: Detected dialect: W3C
]]></system-err>
  </testcase>
  <testcase name="runScenario[&quot;To verify user is able to Register for Business account&quot;, &quot;Optional[Register Functionality]&quot;](6)" classname="myRunner.MyTestRunner" time="40.99">
    <failure message="element click intercepted: Element &lt;button name=&quot;BUSINESS_REG_FORM_SUBMIT&quot; id=&quot;BUSINESS_REG_FORM_SUBMIT&quot; class=&quot;btn btn--primary btn--large btn--fluid&quot; disabled=&quot;&quot; type=&quot;submit&quot; aria-describedby=&quot;legalTextId&quot; data-click-tracking-data=&quot;{&amp;quot;linkId&amp;quot;:&amp;quot;47252&amp;quot;,&amp;quot;pageId&amp;quot;:&amp;quot;3319671&amp;quot;,&amp;quot;type&amp;quot;:&amp;quot;_plsr&amp;quot;,&amp;quot;payload&amp;quot;:{&amp;quot;RegModuleName&amp;quot;:&amp;quot;PARTIAL_REG_BUSINESS&amp;quot;}}&quot;&gt;...&lt;/button&gt; is not clickable at point (508, 551). Other element would receive the click: &lt;iframe id=&quot;captchaFrame&quot; src=&quot;/captcharouter_challenge?ap=1&amp;amp;iim=uNDkuMjL&amp;amp;iia=RXA0LjEzmG&amp;amp;iiz=JjbNi4xOTM*FXX&amp;amp;ru=https%3A%2F%2Fsignup.ebay.com%2Fajax%2Fvalidatefield&amp;amp;iid=c2853a46-664a-40ce-90da-d406462ea3cd&quot; style=&quot;position: fixed; width: 100%; height: 100%; top: 0px; left: 0px; margin: 0px; padding: 0px; border: 0px; background-color: white; z-index: 99999;&quot;&gt;&lt;/iframe&gt;&#10;  (Session info: chrome=94.0.4606.81)&#10;Build info: version: &apos;3.141.59&apos;, revision: &apos;e82be7d358&apos;, time: &apos;2018-11-14T08:17:03&apos;&#10;System info: host: &apos;DESKTOP-N4DS0TK&apos;, ip: &apos;192.168.42.87&apos;, os.name: &apos;Windows 10&apos;, os.arch: &apos;amd64&apos;, os.version: &apos;10.0&apos;, java.version: &apos;16.0.2&apos;&#10;Driver info: org.openqa.selenium.chrome.ChromeDriver&#10;Capabilities {acceptInsecureCerts: false, browserName: chrome, browserVersion: 94.0.4606.81, chrome: {chromedriverVersion: 94.0.4606.61 (418b78f5838ed..., userDataDir: C:\Users\HARIKA~1\AppData\L...}, goog:chromeOptions: {debuggerAddress: localhost:61514}, javascriptEnabled: true, networkConnectionEnabled: false, pageLoadStrategy: normal, platform: WINDOWS, platformName: WINDOWS, proxy: Proxy(), setWindowRect: true, strictFileInteractability: false, timeouts: {implicit: 0, pageLoad: 300000, script: 30000}, unhandledPromptBehavior: dismiss and notify, webauthn:extension:credBlob: true, webauthn:extension:largeBlob: true, webauthn:virtualAuthenticators: true}&#10;Session ID: 781cc77090776f094950dd0d52059a52" type="org.openqa.selenium.ElementClickInterceptedException"><![CDATA[org.openqa.selenium.ElementClickInterceptedException: 
element click intercepted: Element <button name="BUSINESS_REG_FORM_SUBMIT" id="BUSINESS_REG_FORM_SUBMIT" class="btn btn--primary btn--large btn--fluid" disabled="" type="submit" aria-describedby="legalTextId" data-click-tracking-data="{&quot;linkId&quot;:&quot;47252&quot;,&quot;pageId&quot;:&quot;3319671&quot;,&quot;type&quot;:&quot;_plsr&quot;,&quot;payload&quot;:{&quot;RegModuleName&quot;:&quot;PARTIAL_REG_BUSINESS&quot;}}">...</button> is not clickable at point (508, 551). Other element would receive the click: <iframe id="captchaFrame" src="/captcharouter_challenge?ap=1&amp;iim=uNDkuMjL&amp;iia=RXA0LjEzmG&amp;iiz=JjbNi4xOTM*FXX&amp;ru=https%3A%2F%2Fsignup.ebay.com%2Fajax%2Fvalidatefield&amp;iid=c2853a46-664a-40ce-90da-d406462ea3cd" style="position: fixed; width: 100%; height: 100%; top: 0px; left: 0px; margin: 0px; padding: 0px; border: 0px; background-color: white; z-index: 99999;"></iframe>
  (Session info: chrome=94.0.4606.81)
Build info: version: '3.141.59', revision: 'e82be7d358', time: '2018-11-14T08:17:03'
System info: host: 'DESKTOP-N4DS0TK', ip: '192.168.42.87', os.name: 'Windows 10', os.arch: 'amd64', os.version: '10.0', java.version: '16.0.2'
Driver info: org.openqa.selenium.chrome.ChromeDriver
Capabilities {acceptInsecureCerts: false, browserName: chrome, browserVersion: 94.0.4606.81, chrome: {chromedriverVersion: 94.0.4606.61 (418b78f5838ed..., userDataDir: C:\Users\HARIKA~1\AppData\L...}, goog:chromeOptions: {debuggerAddress: localhost:61514}, javascriptEnabled: true, networkConnectionEnabled: false, pageLoadStrategy: normal, platform: WINDOWS, platformName: WINDOWS, proxy: Proxy(), setWindowRect: true, strictFileInteractability: false, timeouts: {implicit: 0, pageLoad: 300000, script: 30000}, unhandledPromptBehavior: dismiss and notify, webauthn:extension:credBlob: true, webauthn:extension:largeBlob: true, webauthn:virtualAuthenticators: true}
Session ID: 781cc77090776f094950dd0d52059a52
]]></failure>
    <system-out><![CDATA[
Scenario: To verify user is able to Register for Business account &amp#27;[90m# src/test/java/Features/Registration.feature:15&amp#27;[0m
  &amp#27;[32mGiven &amp#27;[0m&amp#27;[32mUser is in the home page&amp#27;[0m                                  &amp#27;[90m# Step_Def.Registartion_Step_Def.user_is_in_the_home_page()&amp#27;[0m
  &amp#27;[32mWhen &amp#27;[0m&amp#27;[32mUser clicks on the register&amp#27;[0m                                &amp#27;[90m# Step_Def.Registartion_Step_Def.user_clicks_on_the_register()&amp#27;[0m
  &amp#27;[32mAnd &amp#27;[0m&amp#27;[32mUser enter the Business account details&amp#27;[0m                     &amp#27;[90m# Step_Def.Registartion_Step_Def.user_enter_the_business_account_details()&amp#27;[0m
  &amp#27;[31mAnd &amp#27;[0m&amp#27;[31mclick on Register button&amp#27;[0m                                    &amp#27;[90m# Step_Def.Registartion_Step_Def.click_on_register_button()&amp#27;[0m
      &amp#27;[31morg.openqa.selenium.ElementClickInterceptedException: element click intercepted: Element <button name="BUSINESS_REG_FORM_SUBMIT" id="BUSINESS_REG_FORM_SUBMIT" class="btn btn--primary btn--large btn--fluid" disabled="" type="submit" aria-describedby="legalTextId" data-click-tracking-data="{&quot;linkId&quot;:&quot;47252&quot;,&quot;pageId&quot;:&quot;3319671&quot;,&quot;type&quot;:&quot;_plsr&quot;,&quot;payload&quot;:{&quot;RegModuleName&quot;:&quot;PARTIAL_REG_BUSINESS&quot;}}">...</button> is not clickable at point (508, 551). Other element would receive the click: <iframe id="captchaFrame" src="/captcharouter_challenge?ap=1&amp;iim=uNDkuMjL&amp;iia=RXA0LjEzmG&amp;iiz=JjbNi4xOTM*FXX&amp;ru=https%3A%2F%2Fsignup.ebay.com%2Fajax%2Fvalidatefield&amp;iid=c2853a46-664a-40ce-90da-d406462ea3cd" style="position: fixed; width: 100%; height: 100%; top: 0px; left: 0px; margin: 0px; padding: 0px; border: 0px; background-color: white; z-index: 99999;"></iframe>
  (Session info: chrome=94.0.4606.81)
Build info: version: '3.141.59', revision: 'e82be7d358', time: '2018-11-14T08:17:03'
System info: host: 'DESKTOP-N4DS0TK', ip: '192.168.42.87', os.name: 'Windows 10', os.arch: 'amd64', os.version: '10.0', java.version: '16.0.2'
Driver info: org.openqa.selenium.chrome.ChromeDriver
Capabilities {acceptInsecureCerts: false, browserName: chrome, browserVersion: 94.0.4606.81, chrome: {chromedriverVersion: 94.0.4606.61 (418b78f5838ed..., userDataDir: C:\Users\HARIKA~1\AppData\L...}, goog:chromeOptions: {debuggerAddress: localhost:61514}, javascriptEnabled: true, networkConnectionEnabled: false, pageLoadStrategy: normal, platform: WINDOWS, platformName: WINDOWS, proxy: Proxy(), setWindowRect: true, strictFileInteractability: false, timeouts: {implicit: 0, pageLoad: 300000, script: 30000}, unhandledPromptBehavior: dismiss and notify, webauthn:extension:credBlob: true, webauthn:extension:largeBlob: true, webauthn:virtualAuthenticators: true}
Session ID: 781cc77090776f094950dd0d52059a52
	at java.base/jdk.internal.reflect.NativeConstructorAccessorImpl.newInstance0(Native Method)
	at java.base/jdk.internal.reflect.NativeConstructorAccessorImpl.newInstance(NativeConstructorAccessorImpl.java:78)
	at java.base/jdk.internal.reflect.DelegatingConstructorAccessorImpl.newInstance(DelegatingConstructorAccessorImpl.java:45)
	at java.base/java.lang.reflect.Constructor.newInstanceWithCaller(Constructor.java:499)
	at java.base/java.lang.reflect.Constructor.newInstance(Constructor.java:480)
	at org.openqa.selenium.remote.http.W3CHttpResponseCodec.createException(W3CHttpResponseCodec.java:187)
	at org.openqa.selenium.remote.http.W3CHttpResponseCodec.decode(W3CHttpResponseCodec.java:122)
	at org.openqa.selenium.remote.http.W3CHttpResponseCodec.decode(W3CHttpResponseCodec.java:49)
	at org.openqa.selenium.remote.HttpCommandExecutor.execute(HttpCommandExecutor.java:158)
	at org.openqa.selenium.remote.service.DriverCommandExecutor.execute(DriverCommandExecutor.java:83)
	at org.openqa.selenium.remote.RemoteWebDriver.execute(RemoteWebDriver.java:552)
	at org.openqa.selenium.remote.RemoteWebElement.execute(RemoteWebElement.java:285)
	at org.openqa.selenium.remote.RemoteWebElement.click(RemoteWebElement.java:84)
	at java.base/jdk.internal.reflect.NativeMethodAccessorImpl.invoke0(Native Method)
	at java.base/jdk.internal.reflect.NativeMethodAccessorImpl.invoke(NativeMethodAccessorImpl.java:78)
	at java.base/jdk.internal.reflect.DelegatingMethodAccessorImpl.invoke(DelegatingMethodAccessorImpl.java:43)
	at java.base/java.lang.reflect.Method.invoke(Method.java:567)
	at org.openqa.selenium.support.pagefactory.internal.LocatingElementHandler.invoke(LocatingElementHandler.java:51)
	at jdk.proxy2/jdk.proxy2.$Proxy18.click(Unknown Source)
	at com.pages.Registration.Breg(Registration.java:102)
	at Step_Def.Registartion_Step_Def.click_on_register_button(Registartion_Step_Def.java:53)
	at âœ½.click on Register button(file:///C:/Users/HARIKARAN/eclipse-workspace/ebay/src/test/java/Features/Registration.feature:19)
&amp#27;[0m
  &amp#27;[36mThen &amp#27;[0m&amp#27;[36mBusiness account is Registered&amp#27;[0m                             &amp#27;[90m# Step_Def.Registartion_Step_Def.business_account_is_registered()&amp#27;[0m
]]></system-out>
    <system-err><![CDATA[Starting ChromeDriver 94.0.4606.61 (418b78f5838ed0b1c69bb4e51ea0252171854915-refs/branch-heads/4606@{#1204}) on port 8687
Only local connections are allowed.
Please see https://chromedriver.chromium.org/security-considerations for suggestions on keeping ChromeDriver safe.
ChromeDriver was started successfully.
Oct 13, 2021 1:53:02 PM org.openqa.selenium.remote.ProtocolHandshake createSession
INFO: Detected dialect: W3C
]]></system-err>
  </testcase>
  <testcase name="runScenario[&quot;To verify the user is able to search for an item in the application&quot;, &quot;Optional[Search Functionality]&quot;](7)" classname="myRunner.MyTestRunner" time="14.549">
    <system-out><![CDATA[
Scenario: To verify the user is able to search for an item in the application &amp#27;[90m# src/test/java/Features/Search_Product.feature:2&amp#27;[0m
  &amp#27;[32mGiven &amp#27;[0m&amp#27;[32mUser in home page&amp#27;[0m                                                     &amp#27;[90m# Step_Def.Search_Product_Step_Def.user_in_home_page()&amp#27;[0m
  &amp#27;[32mWhen &amp#27;[0m&amp#27;[32mUser click on the Search edit box&amp#27;[0m                                      &amp#27;[90m# Step_Def.Search_Product_Step_Def.user_click_on_the_search_edit_box()&amp#27;[0m
  &amp#27;[32mAnd &amp#27;[0m&amp#27;[32mUser enter the item name in Search edit box&amp#27;[0m                             &amp#27;[90m# Step_Def.Search_Product_Step_Def.user_enter_the_item_name_in_search_edit_box()&amp#27;[0m
  &amp#27;[32mAnd &amp#27;[0m&amp#27;[32mUser click the Search button&amp#27;[0m                                            &amp#27;[90m# Step_Def.Search_Product_Step_Def.user_click_the_search_button()&amp#27;[0m
  &amp#27;[32mThen &amp#27;[0m&amp#27;[32mProducts will appear&amp#27;[0m                                                   &amp#27;[90m# Step_Def.Search_Product_Step_Def.products_will_appear()&amp#27;[0m
]]></system-out>
    <system-err><![CDATA[Starting ChromeDriver 94.0.4606.61 (418b78f5838ed0b1c69bb4e51ea0252171854915-refs/branch-heads/4606@{#1204}) on port 25604
Only local connections are allowed.
Please see https://chromedriver.chromium.org/security-considerations for suggestions on keeping ChromeDriver safe.
ChromeDriver was started successfully.
Oct 13, 2021 1:53:41 PM org.openqa.selenium.remote.ProtocolHandshake createSession
INFO: Detected dialect: W3C
]]></system-err>
  </testcase>
  <testcase name="runScenario[&quot;To verify the user is able to search for an unrelated item in the application&quot;, &quot;Optional[Search Functionality]&quot;](8)" classname="myRunner.MyTestRunner" time="9.045">
    <system-out><![CDATA[
Scenario: To verify the user is able to search for an unrelated item in the application &amp#27;[90m# src/test/java/Features/Search_Product.feature:10&amp#27;[0m
  &amp#27;[32mGiven &amp#27;[0m&amp#27;[32mUser in home page&amp#27;[0m                                                               &amp#27;[90m# Step_Def.Search_Product_Step_Def.user_in_home_page()&amp#27;[0m
  &amp#27;[32mWhen &amp#27;[0m&amp#27;[32mUser click on the Search edit box&amp#27;[0m                                                &amp#27;[90m# Step_Def.Search_Product_Step_Def.user_click_on_the_search_edit_box()&amp#27;[0m
  &amp#27;[32mAnd &amp#27;[0m&amp#27;[32mUser enter the unrelated item name in Search edit box&amp#27;[0m                             &amp#27;[90m# Step_Def.Search_Product_Step_Def.user_enter_the_unrelated_item_name_in_search_edit_box()&amp#27;[0m
  &amp#27;[32mAnd &amp#27;[0m&amp#27;[32mUser click the Search button&amp#27;[0m                                                      &amp#27;[90m# Step_Def.Search_Product_Step_Def.user_click_the_search_button()&amp#27;[0m
  &amp#27;[32mThen &amp#27;[0m&amp#27;[32mUser got the message like error&amp#27;[0m                                                  &amp#27;[90m# Step_Def.Search_Product_Step_Def.user_got_the_message_like_error()&amp#27;[0m
]]></system-out>
    <system-err><![CDATA[Starting ChromeDriver 94.0.4606.61 (418b78f5838ed0b1c69bb4e51ea0252171854915-refs/branch-heads/4606@{#1204}) on port 36470
Only local connections are allowed.
Please see https://chromedriver.chromium.org/security-considerations for suggestions on keeping ChromeDriver safe.
ChromeDriver was started successfully.
Oct 13, 2021 1:53:55 PM org.openqa.selenium.remote.ProtocolHandshake createSession
INFO: Detected dialect: W3C
]]></system-err>
  </testcase>
  <testcase name="runScenario[&quot;To verify the user is able to view the daily deals&quot;, &quot;Optional[Search Functionality]&quot;](9)" classname="myRunner.MyTestRunner" time="8.483">
    <system-out><![CDATA[
Scenario: To verify the user is able to view the daily deals &amp#27;[90m# src/test/java/Features/Search_Product.feature:19&amp#27;[0m
  &amp#27;[32mGiven &amp#27;[0m&amp#27;[32mUser in home page&amp#27;[0m                                    &amp#27;[90m# Step_Def.Search_Product_Step_Def.user_in_home_page()&amp#27;[0m
  &amp#27;[32mWhen &amp#27;[0m&amp#27;[32mUser click on the  link Daily Deals&amp#27;[0m                   &amp#27;[90m# Step_Def.Search_Product_Step_Def.user_click_on_the_link_daily_deals()&amp#27;[0m
  &amp#27;[32mThen &amp#27;[0m&amp#27;[32mUser reaches the daily deals page&amp#27;[0m                     &amp#27;[90m# Step_Def.Search_Product_Step_Def.user_reaches_the_daily_deals_page()&amp#27;[0m
]]></system-out>
    <system-err><![CDATA[Starting ChromeDriver 94.0.4606.61 (418b78f5838ed0b1c69bb4e51ea0252171854915-refs/branch-heads/4606@{#1204}) on port 16376
Only local connections are allowed.
Please see https://chromedriver.chromium.org/security-considerations for suggestions on keeping ChromeDriver safe.
ChromeDriver was started successfully.
Oct 13, 2021 1:54:03 PM org.openqa.selenium.remote.ProtocolHandshake createSession
INFO: Detected dialect: W3C
]]></system-err>
  </testcase>
  <testcase name="runScenario[&quot;To verify the user is able to select the different categories&quot;, &quot;Optional[Search Functionality]&quot;](10)" classname="myRunner.MyTestRunner" time="9.932">
    <system-out><![CDATA[
Scenario: To verify the user is able to select the different categories &amp#27;[90m# src/test/java/Features/Search_Product.feature:27&amp#27;[0m
  &amp#27;[32mGiven &amp#27;[0m&amp#27;[32mUser in home page&amp#27;[0m                                               &amp#27;[90m# Step_Def.Search_Product_Step_Def.user_in_home_page()&amp#27;[0m
  &amp#27;[32mWhen &amp#27;[0m&amp#27;[32mUser click on the link Shop by category&amp#27;[0m                          &amp#27;[90m# Step_Def.Search_Product_Step_Def.user_click_on_the_link_shop_by_category()&amp#27;[0m
  &amp#27;[32mAnd &amp#27;[0m&amp#27;[32mSelect the different categories&amp#27;[0m                                   &amp#27;[90m# Step_Def.Search_Product_Step_Def.select_the_different_categories()&amp#27;[0m
  &amp#27;[32mThen &amp#27;[0m&amp#27;[32mDisplay the selected the product&amp#27;[0m                                 &amp#27;[90m# Step_Def.Search_Product_Step_Def.display_the_selected_the_product()&amp#27;[0m
]]></system-out>
    <system-err><![CDATA[Starting ChromeDriver 94.0.4606.61 (418b78f5838ed0b1c69bb4e51ea0252171854915-refs/branch-heads/4606@{#1204}) on port 26383
Only local connections are allowed.
Please see https://chromedriver.chromium.org/security-considerations for suggestions on keeping ChromeDriver safe.
ChromeDriver was started successfully.
Oct 13, 2021 1:54:11 PM org.openqa.selenium.remote.ProtocolHandshake createSession
INFO: Detected dialect: W3C
]]></system-err>
  </testcase>
  <testcase name="runScenario[&quot;To verify the user is able to filter the products&quot;, &quot;Optional[Search Functionality]&quot;](11)" classname="myRunner.MyTestRunner" time="10.983">
    <system-out><![CDATA[
Scenario: To verify the user is able to filter the products &amp#27;[90m# src/test/java/Features/Search_Product.feature:34&amp#27;[0m
  &amp#27;[32mGiven &amp#27;[0m&amp#27;[32mUser in home page&amp#27;[0m                                   &amp#27;[90m# Step_Def.Search_Product_Step_Def.user_in_home_page()&amp#27;[0m
  &amp#27;[32mWhen &amp#27;[0m&amp#27;[32mUser is in product page&amp#27;[0m                              &amp#27;[90m# Step_Def.Search_Product_Step_Def.user_is_in_product_page()&amp#27;[0m
  &amp#27;[32mAnd &amp#27;[0m&amp#27;[32mUser click on the More filters&amp#27;[0m                        &amp#27;[90m# Step_Def.Search_Product_Step_Def.user_click_on_the_more_filters()&amp#27;[0m
[org.openqa.selenium.remote.RemoteWebElement@fb8e4fa -> unknown locator]
  &amp#27;[32mAnd &amp#27;[0m&amp#27;[32mSelect the different Specifications&amp#27;[0m                   &amp#27;[90m# Step_Def.Search_Product_Step_Def.select_the_different_specifications()&amp#27;[0m
  &amp#27;[32mAnd &amp#27;[0m&amp#27;[32mClick on the Apply&amp#27;[0m                                    &amp#27;[90m# Step_Def.Search_Product_Step_Def.click_on_the_apply()&amp#27;[0m
  &amp#27;[32mThen &amp#27;[0m&amp#27;[32mDisplayed the Product with given Specificatons&amp#27;[0m       &amp#27;[90m# Step_Def.Search_Product_Step_Def.displayed_the_product_with_given_specificatons()&amp#27;[0m
]]></system-out>
    <system-err><![CDATA[Starting ChromeDriver 94.0.4606.61 (418b78f5838ed0b1c69bb4e51ea0252171854915-refs/branch-heads/4606@{#1204}) on port 9607
Only local connections are allowed.
Please see https://chromedriver.chromium.org/security-considerations for suggestions on keeping ChromeDriver safe.
ChromeDriver was started successfully.
Oct 13, 2021 1:54:21 PM org.openqa.selenium.remote.ProtocolHandshake createSession
INFO: Detected dialect: W3C
]]></system-err>
  </testcase>
  <testcase name="runScenario[&quot;To verify that user is able to Add items to the cart&quot;, &quot;Optional[Search Functionality]&quot;](12)" classname="myRunner.MyTestRunner" time="22.518">
    <system-out><![CDATA[
Scenario: To verify that user is able to Add items to the cart &amp#27;[90m# src/test/java/Features/Search_Product.feature:47&amp#27;[0m
  &amp#27;[32mGiven &amp#27;[0m&amp#27;[32mUser in home page&amp#27;[0m                                      &amp#27;[90m# Step_Def.Search_Product_Step_Def.user_in_home_page()&amp#27;[0m
  &amp#27;[32mWhen &amp#27;[0m&amp#27;[32mUser click on the Search edit box&amp#27;[0m                       &amp#27;[90m# Step_Def.Search_Product_Step_Def.user_click_on_the_search_edit_box()&amp#27;[0m
  &amp#27;[32mAnd &amp#27;[0m&amp#27;[32mEnter the product name in Search edit box&amp#27;[0m                &amp#27;[90m# Step_Def.Search_Product_Step_Def.enter_the_product_name_in_search_edit_box()&amp#27;[0m
  &amp#27;[32mAnd &amp#27;[0m&amp#27;[32mClick on the Add to cart button&amp#27;[0m                          &amp#27;[90m# Step_Def.Search_Product_Step_Def.click_on_the_add_to_cart_button()&amp#27;[0m
  &amp#27;[32mThen &amp#27;[0m&amp#27;[32mProduct will  be Add to cart&amp#27;[0m                            &amp#27;[90m# Step_Def.Search_Product_Step_Def.product_will_be_add_to_cart()&amp#27;[0m
]]></system-out>
    <system-err><![CDATA[Starting ChromeDriver 94.0.4606.61 (418b78f5838ed0b1c69bb4e51ea0252171854915-refs/branch-heads/4606@{#1204}) on port 17776
Only local connections are allowed.
Please see https://chromedriver.chromium.org/security-considerations for suggestions on keeping ChromeDriver safe.
ChromeDriver was started successfully.
Oct 13, 2021 1:54:32 PM org.openqa.selenium.remote.ProtocolHandshake createSession
INFO: Detected dialect: W3C
]]></system-err>
  </testcase>
  <testcase name="runScenario[&quot;To Validate the Title of the Ebay&quot;, &quot;Optional[Ebay Url]&quot;](13)" classname="myRunner.MyTestRunner" time="2.901">
    <system-out><![CDATA[
Scenario: To Validate the Title of the Ebay                                                     &amp#27;[90m# src/test/java/Features/Url_Page.feature:3&amp#27;[0m
  &amp#27;[32mGiven &amp#27;[0m&amp#27;[32mUser is in the Login Page&amp#27;[0m                                                               &amp#27;[90m# Step_Def.Url_Page_Step_Def.user_is_in_the_login_page()&amp#27;[0m
  &amp#27;[32mThen &amp#27;[0m&amp#27;[32mThe title of the page should be &amp#27;[0m&amp#27;[32m&amp#27;[1m"Electronics, Cars, Fashion, Collectibles & More | eBay"&amp#27;[0m &amp#27;[90m# Step_Def.Url_Page_Step_Def.the_title_of_the_page_should_be(java.lang.String)&amp#27;[0m
]]></system-out>
    <system-err><![CDATA[Starting ChromeDriver 94.0.4606.61 (418b78f5838ed0b1c69bb4e51ea0252171854915-refs/branch-heads/4606@{#1204}) on port 12312
Only local connections are allowed.
Please see https://chromedriver.chromium.org/security-considerations for suggestions on keeping ChromeDriver safe.
ChromeDriver was started successfully.
Oct 13, 2021 1:54:55 PM org.openqa.selenium.remote.ProtocolHandshake createSession
INFO: Detected dialect: W3C
]]></system-err>
  </testcase>
</testsuite>