<?xml version="1.0" encoding="UTF-8"?>
<testng-results ignored="0" total="1" passed="1" failed="0" skipped="0">
  <reporter-output>
  </reporter-output>
  <suite started-at="2021-10-05T18:10:22 IST" name="Default suite" finished-at="2021-10-05T18:10:22 IST" duration-ms="69">
    <groups>
    </groups>
    <test started-at="2021-10-05T18:10:22 IST" name="Default test" finished-at="2021-10-05T18:10:22 IST" duration-ms="69">
      <class name="com.testcases.RegisterPageTest">
        <test-method signature="RegisterValidate()[pri:0, instance:com.testcases.RegisterPageTest@4fb3ee4e]" started-at="2021-10-05T18:10:22 IST" name="RegisterValidate" finished-at="2021-10-05T18:10:22 IST" duration-ms="13" status="PASS">
          <reporter-output>
          </reporter-output>
        </test-method> <!-- RegisterValidate -->
      </class> <!-- com.testcases.RegisterPageTest -->
    </test> <!-- Default test -->
  </suite> <!-- Default suite -->
</testng-results>
