<?xml version="1.0" encoding="UTF-8"?>
<testng-results ignored="0" total="3" passed="2" failed="1" skipped="0">
  <reporter-output>
  </reporter-output>
  <suite started-at="2021-10-12T17:00:38 IST" name="Default suite" finished-at="2021-10-12T17:06:14 IST" duration-ms="335842">
    <groups>
      <group name="cucumber">
        <method signature="AbstractTestNGCucumberTests.runScenario(io.cucumber.testng.PickleWrapper,io.cucumber.testng.FeatureWrapper)[pri:0, instance:Runner.Test_Runner@5b03b9fe]" name="runScenario" class="io.cucumber.testng.AbstractTestNGCucumberTests"/>
      </group> <!-- cucumber -->
    </groups>
    <test started-at="2021-10-12T17:00:38 IST" name="Default test" finished-at="2021-10-12T17:06:14 IST" duration-ms="335842">
      <class name="Runner.Test_Runner">
        <test-method is-config="true" signature="setUpClass()[pri:0, instance:Runner.Test_Runner@5b03b9fe]" started-at="2021-10-12T17:00:38 IST" name="setUpClass" finished-at="2021-10-12T17:00:43 IST" duration-ms="4966" status="PASS">
          <reporter-output>
          </reporter-output>
        </test-method> <!-- setUpClass -->
        <test-method signature="runScenario(io.cucumber.testng.PickleWrapper,io.cucumber.testng.FeatureWrapper)[pri:0, instance:Runner.Test_Runner@5b03b9fe]" started-at="2021-10-12T17:00:43 IST" name="runScenario" description="Runs Cucumber Scenarios" data-provider="scenarios" finished-at="2021-10-12T17:02:32 IST" duration-ms="109588" status="FAIL">
          <params>
            <param index="0">
              <value>
                <![CDATA["To verify user is able to Register For Personal account"]]>
              </value>
            </param>
            <param index="1">
              <value>
                <![CDATA["Optional[Register Functionality]"]]>
              </value>
            </param>
          </params>
          <exception class="org.openqa.selenium.ElementClickInterceptedException">
            <message>
              <![CDATA[element click intercepted: Element <button name="EMAIL_REG_FORM_SUBMIT" id="EMAIL_REG_FORM_SUBMIT" class="btn btn--primary btn--large btn--fluid" disabled="" type="submit" aria-describedby="legalTextId" data-click-tracking-data="{&quot;linkId&quot;:47252,&quot;pageId&quot;:&quot;2560839&quot;,&quot;type&quot;:&quot;_plsr&quot;,&quot;payload&quot;:{&quot;RegModuleName&quot;:&quot;PARTIAL_REG_PERSONAL_EMAIL&quot;,&quot;bs&quot;:203,&quot;ul&quot;:&quot;en-US&quot;,&quot;uc&quot;:95}}">...</button> is not clickable at point (508, 390). Other element would receive the click: <iframe id="captchaFrame" src="/captcharouter_challenge?ap=1&amp;iim=ZNDkuMe&amp;iia=vhjA1Ljmd&amp;iiz=gewg2Ljc4ZAv&amp;ru=https%3A%2F%2Fsignup.ebay.com%2Fajax%2Fvalidatefield&amp;iid=998ed005-b8bb-40eb-bd43-16b16903add0" style="position: fixed; width: 100%; height: 100%; top: 0px; left: 0px; margin: 0px; padding: 0px; border: 0px; background-color: white; z-index: 99999;"></iframe>
  (Session info: chrome=94.0.4606.81)
Build info: version: '3.141.59', revision: 'e82be7d358', time: '2018-11-14T08:17:03'
System info: host: 'DESKTOP-N4DS0TK', ip: '192.168.42.87', os.name: 'Windows 10', os.arch: 'amd64', os.version: '10.0', java.version: '16.0.2'
Driver info: org.openqa.selenium.chrome.ChromeDriver
Capabilities {acceptInsecureCerts: false, browserName: chrome, browserVersion: 94.0.4606.81, chrome: {chromedriverVersion: 94.0.4606.61 (418b78f5838ed..., userDataDir: C:\Users\HARIKA~1\AppData\L...}, goog:chromeOptions: {debuggerAddress: localhost:55882}, javascriptEnabled: true, networkConnectionEnabled: false, pageLoadStrategy: normal, platform: WINDOWS, platformName: WINDOWS, proxy: Proxy(), setWindowRect: true, strictFileInteractability: false, timeouts: {implicit: 0, pageLoad: 300000, script: 30000}, unhandledPromptBehavior: dismiss and notify, webauthn:extension:credBlob: true, webauthn:extension:largeBlob: true, webauthn:virtualAuthenticators: true}
Session ID: e82d2ec4e2052df68090fcb56a30c509]]>
            </message>
            <full-stacktrace>
              <![CDATA[org.openqa.selenium.ElementClickInterceptedException: element click intercepted: Element <button name="EMAIL_REG_FORM_SUBMIT" id="EMAIL_REG_FORM_SUBMIT" class="btn btn--primary btn--large btn--fluid" disabled="" type="submit" aria-describedby="legalTextId" data-click-tracking-data="{&quot;linkId&quot;:47252,&quot;pageId&quot;:&quot;2560839&quot;,&quot;type&quot;:&quot;_plsr&quot;,&quot;payload&quot;:{&quot;RegModuleName&quot;:&quot;PARTIAL_REG_PERSONAL_EMAIL&quot;,&quot;bs&quot;:203,&quot;ul&quot;:&quot;en-US&quot;,&quot;uc&quot;:95}}">...</button> is not clickable at point (508, 390). Other element would receive the click: <iframe id="captchaFrame" src="/captcharouter_challenge?ap=1&amp;iim=ZNDkuMe&amp;iia=vhjA1Ljmd&amp;iiz=gewg2Ljc4ZAv&amp;ru=https%3A%2F%2Fsignup.ebay.com%2Fajax%2Fvalidatefield&amp;iid=998ed005-b8bb-40eb-bd43-16b16903add0" style="position: fixed; width: 100%; height: 100%; top: 0px; left: 0px; margin: 0px; padding: 0px; border: 0px; background-color: white; z-index: 99999;"></iframe>
  (Session info: chrome=94.0.4606.81)
Build info: version: '3.141.59', revision: 'e82be7d358', time: '2018-11-14T08:17:03'
System info: host: 'DESKTOP-N4DS0TK', ip: '192.168.42.87', os.name: 'Windows 10', os.arch: 'amd64', os.version: '10.0', java.version: '16.0.2'
Driver info: org.openqa.selenium.chrome.ChromeDriver
Capabilities {acceptInsecureCerts: false, browserName: chrome, browserVersion: 94.0.4606.81, chrome: {chromedriverVersion: 94.0.4606.61 (418b78f5838ed..., userDataDir: C:\Users\HARIKA~1\AppData\L...}, goog:chromeOptions: {debuggerAddress: localhost:55882}, javascriptEnabled: true, networkConnectionEnabled: false, pageLoadStrategy: normal, platform: WINDOWS, platformName: WINDOWS, proxy: Proxy(), setWindowRect: true, strictFileInteractability: false, timeouts: {implicit: 0, pageLoad: 300000, script: 30000}, unhandledPromptBehavior: dismiss and notify, webauthn:extension:credBlob: true, webauthn:extension:largeBlob: true, webauthn:virtualAuthenticators: true}
Session ID: e82d2ec4e2052df68090fcb56a30c509
at java.base/jdk.internal.reflect.NativeConstructorAccessorImpl.newInstance0(Native Method)
at java.base/jdk.internal.reflect.NativeConstructorAccessorImpl.newInstance(NativeConstructorAccessorImpl.java:78)
at java.base/jdk.internal.reflect.DelegatingConstructorAccessorImpl.newInstance(DelegatingConstructorAccessorImpl.java:45)
at java.base/java.lang.reflect.Constructor.newInstanceWithCaller(Constructor.java:499)
at java.base/java.lang.reflect.Constructor.newInstance(Constructor.java:480)
at org.openqa.selenium.remote.http.W3CHttpResponseCodec.createException(W3CHttpResponseCodec.java:187)
at org.openqa.selenium.remote.http.W3CHttpResponseCodec.decode(W3CHttpResponseCodec.java:122)
at org.openqa.selenium.remote.http.W3CHttpResponseCodec.decode(W3CHttpResponseCodec.java:49)
at org.openqa.selenium.remote.HttpCommandExecutor.execute(HttpCommandExecutor.java:158)
at org.openqa.selenium.remote.service.DriverCommandExecutor.execute(DriverCommandExecutor.java:83)
at org.openqa.selenium.remote.RemoteWebDriver.execute(RemoteWebDriver.java:552)
at org.openqa.selenium.remote.RemoteWebElement.execute(RemoteWebElement.java:285)
at org.openqa.selenium.remote.RemoteWebElement.click(RemoteWebElement.java:84)
at java.base/jdk.internal.reflect.NativeMethodAccessorImpl.invoke0(Native Method)
at java.base/jdk.internal.reflect.NativeMethodAccessorImpl.invoke(NativeMethodAccessorImpl.java:78)
at java.base/jdk.internal.reflect.DelegatingMethodAccessorImpl.invoke(DelegatingMethodAccessorImpl.java:43)
at java.base/java.lang.reflect.Method.invoke(Method.java:567)
at org.openqa.selenium.support.pagefactory.internal.LocatingElementHandler.invoke(LocatingElementHandler.java:51)
at jdk.proxy2/jdk.proxy2.$Proxy21.click(Unknown Source)
at com.pages.Register.Preg(Register.java:84)
at StepDefinition.Register_StepDef.user_clicks_on_the_register_button(Register_StepDef.java:33)
at ✽.User clicks on the Register button(file:///C:/Users/HARIKARAN/eclipse-workspace/Sprint_2/./src/test/java/Features/Register.feature:6)
]]>
            </full-stacktrace>
          </exception> <!-- org.openqa.selenium.ElementClickInterceptedException -->
          <reporter-output>
          </reporter-output>
        </test-method> <!-- runScenario -->
        <test-method signature="runScenario(io.cucumber.testng.PickleWrapper,io.cucumber.testng.FeatureWrapper)[pri:0, instance:Runner.Test_Runner@5b03b9fe]" started-at="2021-10-12T17:02:32 IST" name="runScenario" description="Runs Cucumber Scenarios" data-provider="scenarios" finished-at="2021-10-12T17:04:24 IST" duration-ms="111708" status="PASS">
          <params>
            <param index="0">
              <value>
                <![CDATA["To verify user is able to Register For Personal account"]]>
              </value>
            </param>
            <param index="1">
              <value>
                <![CDATA["Optional[Register Functionality]"]]>
              </value>
            </param>
          </params>
          <reporter-output>
          </reporter-output>
        </test-method> <!-- runScenario -->
        <test-method signature="runScenario(io.cucumber.testng.PickleWrapper,io.cucumber.testng.FeatureWrapper)[pri:0, instance:Runner.Test_Runner@5b03b9fe]" started-at="2021-10-12T17:04:24 IST" name="runScenario" description="Runs Cucumber Scenarios" data-provider="scenarios" finished-at="2021-10-12T17:06:13 IST" duration-ms="109301" status="PASS">
          <params>
            <param index="0">
              <value>
                <![CDATA["To verify user is able to Register for Business account"]]>
              </value>
            </param>
            <param index="1">
              <value>
                <![CDATA["Optional[Register Functionality]"]]>
              </value>
            </param>
          </params>
          <reporter-output>
          </reporter-output>
        </test-method> <!-- runScenario -->
        <test-method is-config="true" signature="tearDownClass()[pri:0, instance:Runner.Test_Runner@5b03b9fe]" started-at="2021-10-12T17:06:13 IST" name="tearDownClass" finished-at="2021-10-12T17:06:14 IST" duration-ms="206" status="PASS">
          <reporter-output>
          </reporter-output>
        </test-method> <!-- tearDownClass -->
      </class> <!-- Runner.Test_Runner -->
    </test> <!-- Default test -->
  </suite> <!-- Default suite -->
</testng-results>
