<?xml version="1.0" encoding="UTF-8"?>
<testng-results ignored="0" total="2" passed="2" failed="0" skipped="0">
  <reporter-output>
  </reporter-output>
  <suite started-at="2021-09-29T20:19:31 IST" name="Default suite" finished-at="2021-09-29T20:19:47 IST" duration-ms="16287">
    <groups>
    </groups>
    <test started-at="2021-09-29T20:19:31 IST" name="Default test" finished-at="2021-09-29T20:19:47 IST" duration-ms="16287">
      <class name="Testcases.com.LoginPageTest">
        <test-method is-config="true" signature="reportSetup()[pri:0, instance:Testcases.com.LoginPageTest@3d6f0054]" started-at="2021-09-29T20:19:31 IST" name="reportSetup" finished-at="2021-09-29T20:19:31 IST" duration-ms="453" status="PASS">
          <reporter-output>
          </reporter-output>
        </test-method> <!-- reportSetup -->
        <test-method is-config="true" signature="browserSetup()[pri:0, instance:Testcases.com.LoginPageTest@3d6f0054]" started-at="2021-09-29T20:19:31 IST" name="browserSetup" finished-at="2021-09-29T20:19:37 IST" duration-ms="5876" status="PASS">
          <reporter-output>
          </reporter-output>
        </test-method> <!-- browserSetup -->
        <test-method signature="validateTitleTest()[pri:1, instance:Testcases.com.LoginPageTest@3d6f0054]" started-at="2021-09-29T20:19:37 IST" name="validateTitleTest" finished-at="2021-09-29T20:19:37 IST" duration-ms="20" status="PASS">
          <reporter-output>
          </reporter-output>
        </test-method> <!-- validateTitleTest -->
        <test-method is-config="true" signature="closeBrowserSetup()[pri:0, instance:Testcases.com.LoginPageTest@3d6f0054]" started-at="2021-09-29T20:19:37 IST" name="closeBrowserSetup" finished-at="2021-09-29T20:19:37 IST" duration-ms="143" status="PASS">
          <reporter-output>
          </reporter-output>
        </test-method> <!-- closeBrowserSetup -->
        <test-method is-config="true" signature="browserSetup()[pri:0, instance:Testcases.com.LoginPageTest@3d6f0054]" started-at="2021-09-29T20:19:37 IST" name="browserSetup" finished-at="2021-09-29T20:19:42 IST" duration-ms="4511" status="PASS">
          <reporter-output>
          </reporter-output>
        </test-method> <!-- browserSetup -->
        <test-method signature="validateLoginTest()[pri:2, instance:Testcases.com.LoginPageTest@3d6f0054]" started-at="2021-09-29T20:19:42 IST" name="validateLoginTest" finished-at="2021-09-29T20:19:46 IST" duration-ms="4729" status="PASS">
          <reporter-output>
          </reporter-output>
        </test-method> <!-- validateLoginTest -->
        <test-method is-config="true" signature="closeBrowserSetup()[pri:0, instance:Testcases.com.LoginPageTest@3d6f0054]" started-at="2021-09-29T20:19:46 IST" name="closeBrowserSetup" finished-at="2021-09-29T20:19:47 IST" duration-ms="114" status="PASS">
          <reporter-output>
          </reporter-output>
        </test-method> <!-- closeBrowserSetup -->
        <test-method is-config="true" signature="closeReportSetup()[pri:0, instance:Testcases.com.LoginPageTest@3d6f0054]" started-at="2021-09-29T20:19:47 IST" name="closeReportSetup" finished-at="2021-09-29T20:19:47 IST" duration-ms="398" status="PASS">
          <reporter-output>
          </reporter-output>
        </test-method> <!-- closeReportSetup -->
      </class> <!-- Testcases.com.LoginPageTest -->
    </test> <!-- Default test -->
  </suite> <!-- Default suite -->
</testng-results>
